{"/Users/jormamerivalssi/blogilista_esim/bloglist-frontend/src/App.js": {"path":"/Users/jormamerivalssi/blogilista_esim/bloglist-frontend/src/App.js","statementMap":{"0":{"start":{"line":9,"column":12},"end":{"line":209,"column":1}},"1":{"start":{"line":10,"column":40},"end":{"line":10,"column":55}},"2":{"start":{"line":13,"column":28},"end":{"line":13,"column":40}},"3":{"start":{"line":15,"column":42},"end":{"line":15,"column":56}},"4":{"start":{"line":16,"column":34},"end":{"line":16,"column":46}},"5":{"start":{"line":17,"column":42},"end":{"line":17,"column":54}},"6":{"start":{"line":18,"column":26},"end":{"line":18,"column":40}},"7":{"start":{"line":21,"column":2},"end":{"line":24,"column":8}},"8":{"start":{"line":22,"column":4},"end":{"line":23,"column":72}},"9":{"start":{"line":23,"column":21},"end":{"line":23,"column":71}},"10":{"start":{"line":23,"column":52},"end":{"line":23,"column":69}},"11":{"start":{"line":26,"column":2},"end":{"line":33,"column":8}},"12":{"start":{"line":27,"column":27},"end":{"line":27,"column":75}},"13":{"start":{"line":28,"column":4},"end":{"line":32,"column":5}},"14":{"start":{"line":29,"column":19},"end":{"line":29,"column":45}},"15":{"start":{"line":30,"column":6},"end":{"line":30,"column":19}},"16":{"start":{"line":31,"column":6},"end":{"line":31,"column":38}},"17":{"start":{"line":35,"column":22},"end":{"line":35,"column":30}},"18":{"start":{"line":46,"column":18},"end":{"line":64,"column":3}},"19":{"start":{"line":48,"column":4},"end":{"line":62,"column":8}},"20":{"start":{"line":53,"column":8},"end":{"line":53,"column":87}},"21":{"start":{"line":53,"column":26},"end":{"line":53,"column":86}},"22":{"start":{"line":53,"column":68},"end":{"line":53,"column":85}},"23":{"start":{"line":56,"column":8},"end":{"line":58,"column":9}},"24":{"start":{"line":59,"column":8},"end":{"line":61,"column":16}},"25":{"start":{"line":60,"column":10},"end":{"line":60,"column":31}},"26":{"start":{"line":63,"column":4},"end":{"line":63,"column":42}},"27":{"start":{"line":66,"column":22},"end":{"line":91,"column":3}},"28":{"start":{"line":67,"column":4},"end":{"line":67,"column":26}},"29":{"start":{"line":68,"column":4},"end":{"line":88,"column":5}},"30":{"start":{"line":70,"column":19},"end":{"line":72,"column":8}},"31":{"start":{"line":74,"column":6},"end":{"line":76,"column":7}},"32":{"start":{"line":78,"column":6},"end":{"line":78,"column":38}},"33":{"start":{"line":79,"column":6},"end":{"line":79,"column":44}},"34":{"start":{"line":80,"column":6},"end":{"line":80,"column":19}},"35":{"start":{"line":81,"column":6},"end":{"line":81,"column":21}},"36":{"start":{"line":82,"column":6},"end":{"line":82,"column":25}},"37":{"start":{"line":84,"column":6},"end":{"line":84,"column":51}},"38":{"start":{"line":85,"column":6},"end":{"line":87,"column":14}},"39":{"start":{"line":86,"column":8},"end":{"line":86,"column":29}},"40":{"start":{"line":93,"column":20},"end":{"line":115,"column":3}},"41":{"start":{"line":94,"column":4},"end":{"line":114,"column":11}},"42":{"start":{"line":101,"column":36},"end":{"line":101,"column":61}},"43":{"start":{"line":110,"column":36},"end":{"line":110,"column":65}},"44":{"start":{"line":118,"column":20},"end":{"line":130,"column":3}},"45":{"start":{"line":120,"column":4},"end":{"line":129,"column":5}},"46":{"start":{"line":125,"column":10},"end":{"line":125,"column":93}},"47":{"start":{"line":133,"column":19},"end":{"line":139,"column":3}},"48":{"start":{"line":134,"column":4},"end":{"line":138,"column":11}},"49":{"start":{"line":141,"column":19},"end":{"line":167,"column":3}},"50":{"start":{"line":145,"column":4},"end":{"line":166,"column":5}},"51":{"start":{"line":169,"column":23},"end":{"line":178,"column":3}},"52":{"start":{"line":170,"column":4},"end":{"line":172,"column":5}},"53":{"start":{"line":171,"column":6},"end":{"line":171,"column":17}},"54":{"start":{"line":173,"column":4},"end":{"line":177,"column":5}},"55":{"start":{"line":180,"column":2},"end":{"line":208,"column":3}}},"fnMap":{"0":{"name":"(anonymous_0)","decl":{"start":{"line":9,"column":12},"end":{"line":9,"column":13}},"loc":{"start":{"line":9,"column":18},"end":{"line":209,"column":1}},"line":9},"1":{"name":"(anonymous_1)","decl":{"start":{"line":21,"column":12},"end":{"line":21,"column":13}},"loc":{"start":{"line":21,"column":18},"end":{"line":24,"column":3}},"line":21},"2":{"name":"(anonymous_2)","decl":{"start":{"line":23,"column":12},"end":{"line":23,"column":13}},"loc":{"start":{"line":23,"column":21},"end":{"line":23,"column":71}},"line":23},"3":{"name":"(anonymous_3)","decl":{"start":{"line":23,"column":43},"end":{"line":23,"column":44}},"loc":{"start":{"line":23,"column":52},"end":{"line":23,"column":69}},"line":23},"4":{"name":"(anonymous_4)","decl":{"start":{"line":26,"column":12},"end":{"line":26,"column":13}},"loc":{"start":{"line":26,"column":18},"end":{"line":33,"column":3}},"line":26},"5":{"name":"(anonymous_5)","decl":{"start":{"line":46,"column":18},"end":{"line":46,"column":19}},"loc":{"start":{"line":46,"column":34},"end":{"line":64,"column":3}},"line":46},"6":{"name":"(anonymous_6)","decl":{"start":{"line":51,"column":13},"end":{"line":51,"column":14}},"loc":{"start":{"line":51,"column":29},"end":{"line":62,"column":7}},"line":51},"7":{"name":"(anonymous_7)","decl":{"start":{"line":53,"column":17},"end":{"line":53,"column":18}},"loc":{"start":{"line":53,"column":26},"end":{"line":53,"column":86}},"line":53},"8":{"name":"(anonymous_8)","decl":{"start":{"line":53,"column":59},"end":{"line":53,"column":60}},"loc":{"start":{"line":53,"column":68},"end":{"line":53,"column":85}},"line":53},"9":{"name":"(anonymous_9)","decl":{"start":{"line":59,"column":19},"end":{"line":59,"column":20}},"loc":{"start":{"line":59,"column":25},"end":{"line":61,"column":9}},"line":59},"10":{"name":"(anonymous_10)","decl":{"start":{"line":66,"column":22},"end":{"line":66,"column":23}},"loc":{"start":{"line":66,"column":39},"end":{"line":91,"column":3}},"line":66},"11":{"name":"(anonymous_11)","decl":{"start":{"line":85,"column":17},"end":{"line":85,"column":18}},"loc":{"start":{"line":85,"column":23},"end":{"line":87,"column":7}},"line":85},"12":{"name":"(anonymous_12)","decl":{"start":{"line":93,"column":20},"end":{"line":93,"column":21}},"loc":{"start":{"line":94,"column":4},"end":{"line":114,"column":11}},"line":94},"13":{"name":"(anonymous_13)","decl":{"start":{"line":101,"column":20},"end":{"line":101,"column":21}},"loc":{"start":{"line":101,"column":36},"end":{"line":101,"column":61}},"line":101},"14":{"name":"(anonymous_14)","decl":{"start":{"line":110,"column":20},"end":{"line":110,"column":21}},"loc":{"start":{"line":110,"column":36},"end":{"line":110,"column":65}},"line":110},"15":{"name":"(anonymous_15)","decl":{"start":{"line":118,"column":20},"end":{"line":118,"column":21}},"loc":{"start":{"line":118,"column":26},"end":{"line":130,"column":3}},"line":118},"16":{"name":"(anonymous_16)","decl":{"start":{"line":124,"column":19},"end":{"line":124,"column":20}},"loc":{"start":{"line":125,"column":10},"end":{"line":125,"column":93}},"line":125},"17":{"name":"(anonymous_17)","decl":{"start":{"line":133,"column":19},"end":{"line":133,"column":20}},"loc":{"start":{"line":134,"column":4},"end":{"line":138,"column":11}},"line":134},"18":{"name":"(anonymous_18)","decl":{"start":{"line":141,"column":19},"end":{"line":141,"column":20}},"loc":{"start":{"line":141,"column":25},"end":{"line":167,"column":3}},"line":141},"19":{"name":"(anonymous_19)","decl":{"start":{"line":169,"column":23},"end":{"line":169,"column":24}},"loc":{"start":{"line":169,"column":40},"end":{"line":178,"column":3}},"line":169}},"branchMap":{"0":{"loc":{"start":{"line":28,"column":4},"end":{"line":32,"column":5}},"type":"if","locations":[{"start":{"line":28,"column":4},"end":{"line":32,"column":5}},{"start":{"line":28,"column":4},"end":{"line":32,"column":5}}],"line":28},"1":{"loc":{"start":{"line":170,"column":4},"end":{"line":172,"column":5}},"type":"if","locations":[{"start":{"line":170,"column":4},"end":{"line":172,"column":5}},{"start":{"line":170,"column":4},"end":{"line":172,"column":5}}],"line":170},"2":{"loc":{"start":{"line":188,"column":7},"end":{"line":196,"column":14}},"type":"cond-expr","locations":[{"start":{"line":189,"column":8},"end":{"line":189,"column":19}},{"start":{"line":190,"column":8},"end":{"line":196,"column":14}}],"line":188}},"s":{"0":0,"1":0,"2":0,"3":0,"4":0,"5":0,"6":0,"7":0,"8":0,"9":0,"10":0,"11":0,"12":0,"13":0,"14":0,"15":0,"16":0,"17":0,"18":0,"19":0,"20":0,"21":0,"22":0,"23":0,"24":0,"25":0,"26":0,"27":0,"28":0,"29":0,"30":0,"31":0,"32":0,"33":0,"34":0,"35":0,"36":0,"37":0,"38":0,"39":0,"40":0,"41":0,"42":0,"43":0,"44":0,"45":0,"46":0,"47":0,"48":0,"49":0,"50":0,"51":0,"52":0,"53":0,"54":0,"55":0},"f":{"0":0,"1":0,"2":0,"3":0,"4":0,"5":0,"6":0,"7":0,"8":0,"9":0,"10":0,"11":0,"12":0,"13":0,"14":0,"15":0,"16":0,"17":0,"18":0,"19":0},"b":{"0":[0,0],"1":[0,0],"2":[0,0]},"hash":"f59084d748b7635c16b348c010bf9a12582faa00"}
,"/Users/jormamerivalssi/blogilista_esim/bloglist-frontend/src/index.js": {"path":"/Users/jormamerivalssi/blogilista_esim/bloglist-frontend/src/index.js","statementMap":{"0":{"start":{"line":5,"column":0},"end":{"line":5,"column":57}}},"fnMap":{},"branchMap":{},"s":{"0":0},"f":{},"b":{},"hash":"4c857098c59bd4142b03b45c9dcce837e3165672"}
,"/Users/jormamerivalssi/blogilista_esim/bloglist-frontend/src/components/Blog.js": {"path":"/Users/jormamerivalssi/blogilista_esim/bloglist-frontend/src/components/Blog.js","statementMap":{"0":{"start":{"line":5,"column":13},"end":{"line":134,"column":1}},"1":{"start":{"line":7,"column":36},"end":{"line":7,"column":51}},"2":{"start":{"line":8,"column":42},"end":{"line":8,"column":57}},"3":{"start":{"line":9,"column":38},"end":{"line":9,"column":58}},"4":{"start":{"line":10,"column":42},"end":{"line":10,"column":56}},"5":{"start":{"line":14,"column":20},"end":{"line":20,"column":3}},"6":{"start":{"line":22,"column":22},"end":{"line":44,"column":3}},"7":{"start":{"line":24,"column":4},"end":{"line":43,"column":5}},"8":{"start":{"line":28,"column":6},"end":{"line":42,"column":9}},"9":{"start":{"line":39,"column":12},"end":{"line":39,"column":33}},"10":{"start":{"line":46,"column":26},"end":{"line":72,"column":3}},"11":{"start":{"line":49,"column":23},"end":{"line":55,"column":5}},"12":{"start":{"line":58,"column":4},"end":{"line":70,"column":8}},"13":{"start":{"line":62,"column":8},"end":{"line":62,"column":39}},"14":{"start":{"line":64,"column":8},"end":{"line":66,"column":9}},"15":{"start":{"line":67,"column":8},"end":{"line":69,"column":16}},"16":{"start":{"line":68,"column":10},"end":{"line":68,"column":31}},"17":{"start":{"line":74,"column":20},"end":{"line":78,"column":3}},"18":{"start":{"line":76,"column":4},"end":{"line":76,"column":33}},"19":{"start":{"line":77,"column":4},"end":{"line":77,"column":21}},"20":{"start":{"line":80,"column":23},"end":{"line":89,"column":3}},"21":{"start":{"line":81,"column":4},"end":{"line":83,"column":5}},"22":{"start":{"line":82,"column":6},"end":{"line":82,"column":17}},"23":{"start":{"line":84,"column":4},"end":{"line":88,"column":5}},"24":{"start":{"line":91,"column":2},"end":{"line":133,"column":16}},"25":{"start":{"line":93,"column":4},"end":{"line":132,"column":5}},"26":{"start":{"line":102,"column":35},"end":{"line":102,"column":53}},"27":{"start":{"line":108,"column":37},"end":{"line":108,"column":56}},"28":{"start":{"line":133,"column":4},"end":{"line":133,"column":15}}},"fnMap":{"0":{"name":"(anonymous_0)","decl":{"start":{"line":5,"column":13},"end":{"line":5,"column":14}},"loc":{"start":{"line":5,"column":35},"end":{"line":134,"column":1}},"line":5},"1":{"name":"(anonymous_1)","decl":{"start":{"line":22,"column":22},"end":{"line":22,"column":23}},"loc":{"start":{"line":22,"column":28},"end":{"line":44,"column":3}},"line":22},"2":{"name":"(anonymous_2)","decl":{"start":{"line":38,"column":21},"end":{"line":38,"column":22}},"loc":{"start":{"line":38,"column":27},"end":{"line":40,"column":11}},"line":38},"3":{"name":"(anonymous_3)","decl":{"start":{"line":46,"column":26},"end":{"line":46,"column":27}},"loc":{"start":{"line":46,"column":32},"end":{"line":72,"column":3}},"line":46},"4":{"name":"(anonymous_4)","decl":{"start":{"line":61,"column":13},"end":{"line":61,"column":14}},"loc":{"start":{"line":61,"column":29},"end":{"line":70,"column":7}},"line":61},"5":{"name":"(anonymous_5)","decl":{"start":{"line":67,"column":19},"end":{"line":67,"column":20}},"loc":{"start":{"line":67,"column":25},"end":{"line":69,"column":9}},"line":67},"6":{"name":"(anonymous_6)","decl":{"start":{"line":74,"column":20},"end":{"line":74,"column":21}},"loc":{"start":{"line":74,"column":26},"end":{"line":78,"column":3}},"line":74},"7":{"name":"(anonymous_7)","decl":{"start":{"line":80,"column":23},"end":{"line":80,"column":24}},"loc":{"start":{"line":80,"column":40},"end":{"line":89,"column":3}},"line":80},"8":{"name":"(anonymous_8)","decl":{"start":{"line":102,"column":29},"end":{"line":102,"column":30}},"loc":{"start":{"line":102,"column":35},"end":{"line":102,"column":53}},"line":102},"9":{"name":"(anonymous_9)","decl":{"start":{"line":108,"column":31},"end":{"line":108,"column":32}},"loc":{"start":{"line":108,"column":37},"end":{"line":108,"column":56}},"line":108}},"branchMap":{"0":{"loc":{"start":{"line":24,"column":4},"end":{"line":43,"column":5}},"type":"if","locations":[{"start":{"line":24,"column":4},"end":{"line":43,"column":5}},{"start":{"line":24,"column":4},"end":{"line":43,"column":5}}],"line":24},"1":{"loc":{"start":{"line":81,"column":4},"end":{"line":83,"column":5}},"type":"if","locations":[{"start":{"line":81,"column":4},"end":{"line":83,"column":5}},{"start":{"line":81,"column":4},"end":{"line":83,"column":5}}],"line":81},"2":{"loc":{"start":{"line":91,"column":2},"end":{"line":133,"column":16}},"type":"if","locations":[{"start":{"line":91,"column":2},"end":{"line":133,"column":16}},{"start":{"line":91,"column":2},"end":{"line":133,"column":16}}],"line":91},"3":{"loc":{"start":{"line":99,"column":9},"end":{"line":126,"column":16}},"type":"cond-expr","locations":[{"start":{"line":100,"column":10},"end":{"line":103,"column":16}},{"start":{"line":104,"column":10},"end":{"line":126,"column":16}}],"line":99},"4":{"loc":{"start":{"line":117,"column":14},"end":{"line":124,"column":20}},"type":"cond-expr","locations":[{"start":{"line":118,"column":14},"end":{"line":121,"column":20}},{"start":{"line":123,"column":14},"end":{"line":124,"column":20}}],"line":117}},"s":{"0":1,"1":0,"2":0,"3":0,"4":0,"5":0,"6":0,"7":0,"8":0,"9":0,"10":0,"11":0,"12":0,"13":0,"14":0,"15":0,"16":0,"17":0,"18":0,"19":0,"20":0,"21":0,"22":0,"23":0,"24":0,"25":0,"26":0,"27":0,"28":0},"f":{"0":0,"1":0,"2":0,"3":0,"4":0,"5":0,"6":0,"7":0,"8":0,"9":0},"b":{"0":[0,0],"1":[0,0],"2":[0,0],"3":[0,0],"4":[0,0]},"_coverageSchema":"43e27e138ebf9cfc5966b082cf9a028302ed4184","hash":"2ed4b1d8bf56774b23ddb1d16c24a742e606c77f"}
,"/Users/jormamerivalssi/blogilista_esim/bloglist-frontend/src/components/blog_form.js": {"path":"/Users/jormamerivalssi/blogilista_esim/bloglist-frontend/src/components/blog_form.js","statementMap":{"0":{"start":{"line":3,"column":17},"end":{"line":75,"column":1}},"1":{"start":{"line":5,"column":32},"end":{"line":5,"column":44}},"2":{"start":{"line":6,"column":33},"end":{"line":6,"column":45}},"3":{"start":{"line":7,"column":27},"end":{"line":7,"column":39}},"4":{"start":{"line":10,"column":27},"end":{"line":13,"column":3}},"5":{"start":{"line":11,"column":4},"end":{"line":11,"column":34}},"6":{"start":{"line":15,"column":29},"end":{"line":18,"column":3}},"7":{"start":{"line":16,"column":4},"end":{"line":16,"column":36}},"8":{"start":{"line":20,"column":26},"end":{"line":23,"column":3}},"9":{"start":{"line":21,"column":4},"end":{"line":21,"column":33}},"10":{"start":{"line":25,"column":18},"end":{"line":38,"column":3}},"11":{"start":{"line":26,"column":4},"end":{"line":26,"column":26}},"12":{"start":{"line":27,"column":4},"end":{"line":33,"column":6}},"13":{"start":{"line":34,"column":4},"end":{"line":34,"column":18}},"14":{"start":{"line":35,"column":4},"end":{"line":35,"column":20}},"15":{"start":{"line":36,"column":4},"end":{"line":36,"column":17}},"16":{"start":{"line":40,"column":2},"end":{"line":74,"column":3}}},"fnMap":{"0":{"name":"(anonymous_0)","decl":{"start":{"line":3,"column":17},"end":{"line":3,"column":18}},"loc":{"start":{"line":3,"column":37},"end":{"line":75,"column":1}},"line":3},"1":{"name":"(anonymous_1)","decl":{"start":{"line":10,"column":27},"end":{"line":10,"column":28}},"loc":{"start":{"line":11,"column":4},"end":{"line":11,"column":34}},"line":11},"2":{"name":"(anonymous_2)","decl":{"start":{"line":15,"column":29},"end":{"line":15,"column":30}},"loc":{"start":{"line":16,"column":4},"end":{"line":16,"column":36}},"line":16},"3":{"name":"(anonymous_3)","decl":{"start":{"line":20,"column":26},"end":{"line":20,"column":27}},"loc":{"start":{"line":21,"column":4},"end":{"line":21,"column":33}},"line":21},"4":{"name":"(anonymous_4)","decl":{"start":{"line":25,"column":18},"end":{"line":25,"column":19}},"loc":{"start":{"line":25,"column":29},"end":{"line":38,"column":3}},"line":25}},"branchMap":{},"s":{"0":1,"1":3,"2":3,"3":3,"4":3,"5":0,"6":3,"7":1,"8":3,"9":0,"10":3,"11":1,"12":1,"13":1,"14":1,"15":1,"16":3},"f":{"0":3,"1":0,"2":1,"3":0,"4":1},"b":{},"_coverageSchema":"43e27e138ebf9cfc5966b082cf9a028302ed4184","hash":"ccaea35db1722b1922370fca9a2317581ccc443e"}
,"/Users/jormamerivalssi/blogilista_esim/bloglist-frontend/src/components/togglable.js": {"path":"/Users/jormamerivalssi/blogilista_esim/bloglist-frontend/src/components/togglable.js","statementMap":{"0":{"start":{"line":4,"column":18},"end":{"line":37,"column":1}},"1":{"start":{"line":5,"column":32},"end":{"line":5,"column":47}},"2":{"start":{"line":7,"column":26},"end":{"line":7,"column":60}},"3":{"start":{"line":8,"column":26},"end":{"line":8,"column":60}},"4":{"start":{"line":10,"column":27},"end":{"line":12,"column":3}},"5":{"start":{"line":11,"column":4},"end":{"line":11,"column":24}},"6":{"start":{"line":14,"column":2},"end":{"line":19,"column":3}},"7":{"start":{"line":15,"column":4},"end":{"line":17,"column":5}},"8":{"start":{"line":21,"column":2},"end":{"line":23,"column":3}},"9":{"start":{"line":25,"column":2},"end":{"line":35,"column":3}},"10":{"start":{"line":38,"column":0},"end":{"line":38,"column":35}}},"fnMap":{"0":{"name":"(anonymous_0)","decl":{"start":{"line":4,"column":35},"end":{"line":4,"column":36}},"loc":{"start":{"line":4,"column":51},"end":{"line":36,"column":1}},"line":4},"1":{"name":"(anonymous_1)","decl":{"start":{"line":10,"column":27},"end":{"line":10,"column":28}},"loc":{"start":{"line":10,"column":33},"end":{"line":12,"column":3}},"line":10},"2":{"name":"(anonymous_2)","decl":{"start":{"line":14,"column":27},"end":{"line":14,"column":28}},"loc":{"start":{"line":14,"column":33},"end":{"line":18,"column":3}},"line":14}},"branchMap":{"0":{"loc":{"start":{"line":7,"column":37},"end":{"line":7,"column":58}},"type":"cond-expr","locations":[{"start":{"line":7,"column":47},"end":{"line":7,"column":53}},{"start":{"line":7,"column":56},"end":{"line":7,"column":58}}],"line":7},"1":{"loc":{"start":{"line":8,"column":37},"end":{"line":8,"column":58}},"type":"cond-expr","locations":[{"start":{"line":8,"column":47},"end":{"line":8,"column":49}},{"start":{"line":8,"column":52},"end":{"line":8,"column":58}}],"line":8}},"s":{"0":0,"1":0,"2":0,"3":0,"4":0,"5":0,"6":0,"7":0,"8":0,"9":0,"10":0},"f":{"0":0,"1":0,"2":0},"b":{"0":[0,0],"1":[0,0]},"hash":"7ad51dd72330a95af75b79a46b9de57918d49711"}
,"/Users/jormamerivalssi/blogilista_esim/bloglist-frontend/src/services/blogs.js": {"path":"/Users/jormamerivalssi/blogilista_esim/bloglist-frontend/src/services/blogs.js","statementMap":{"0":{"start":{"line":2,"column":16},"end":{"line":2,"column":28}},"1":{"start":{"line":4,"column":12},"end":{"line":4,"column":16}},"2":{"start":{"line":6,"column":17},"end":{"line":8,"column":1}},"3":{"start":{"line":7,"column":2},"end":{"line":7,"column":30}},"4":{"start":{"line":10,"column":15},"end":{"line":13,"column":1}},"5":{"start":{"line":11,"column":18},"end":{"line":11,"column":36}},"6":{"start":{"line":12,"column":2},"end":{"line":12,"column":49}},"7":{"start":{"line":12,"column":34},"end":{"line":12,"column":47}},"8":{"start":{"line":15,"column":15},"end":{"line":20,"column":1}},"9":{"start":{"line":17,"column":2},"end":{"line":17,"column":23}},"10":{"start":{"line":18,"column":19},"end":{"line":18,"column":59}},"11":{"start":{"line":19,"column":2},"end":{"line":19,"column":22}},"12":{"start":{"line":22,"column":15},"end":{"line":31,"column":1}},"13":{"start":{"line":23,"column":17},"end":{"line":25,"column":3}},"14":{"start":{"line":29,"column":19},"end":{"line":29,"column":63}},"15":{"start":{"line":30,"column":2},"end":{"line":30,"column":22}},"16":{"start":{"line":33,"column":15},"end":{"line":50,"column":1}},"17":{"start":{"line":34,"column":2},"end":{"line":49,"column":15}},"18":{"start":{"line":35,"column":19},"end":{"line":37,"column":5}},"19":{"start":{"line":38,"column":20},"end":{"line":38,"column":70}},"20":{"start":{"line":39,"column":4},"end":{"line":39,"column":50}},"21":{"start":{"line":39,"column":36},"end":{"line":39,"column":49}},"22":{"start":{"line":42,"column":18},"end":{"line":42,"column":20}},"23":{"start":{"line":43,"column":4},"end":{"line":43,"column":33}},"24":{"start":{"line":44,"column":4},"end":{"line":44,"column":44}},"25":{"start":{"line":45,"column":4},"end":{"line":48,"column":5}},"26":{"start":{"line":46,"column":6},"end":{"line":46,"column":43}},"27":{"start":{"line":47,"column":6},"end":{"line":47,"column":38}},"28":{"start":{"line":49,"column":4},"end":{"line":49,"column":10}}},"fnMap":{"0":{"name":"(anonymous_0)","decl":{"start":{"line":6,"column":17},"end":{"line":6,"column":18}},"loc":{"start":{"line":6,"column":29},"end":{"line":8,"column":1}},"line":6},"1":{"name":"(anonymous_1)","decl":{"start":{"line":10,"column":15},"end":{"line":10,"column":16}},"loc":{"start":{"line":10,"column":21},"end":{"line":13,"column":1}},"line":10},"2":{"name":"(anonymous_2)","decl":{"start":{"line":12,"column":22},"end":{"line":12,"column":23}},"loc":{"start":{"line":12,"column":34},"end":{"line":12,"column":47}},"line":12},"3":{"name":"(anonymous_3)","decl":{"start":{"line":15,"column":15},"end":{"line":15,"column":16}},"loc":{"start":{"line":15,"column":29},"end":{"line":20,"column":1}},"line":15},"4":{"name":"(anonymous_4)","decl":{"start":{"line":22,"column":15},"end":{"line":22,"column":16}},"loc":{"start":{"line":22,"column":34},"end":{"line":31,"column":1}},"line":22},"5":{"name":"(anonymous_5)","decl":{"start":{"line":33,"column":15},"end":{"line":33,"column":16}},"loc":{"start":{"line":33,"column":40},"end":{"line":50,"column":1}},"line":33},"6":{"name":"(anonymous_6)","decl":{"start":{"line":39,"column":24},"end":{"line":39,"column":25}},"loc":{"start":{"line":39,"column":36},"end":{"line":39,"column":49}},"line":39}},"branchMap":{"0":{"loc":{"start":{"line":45,"column":4},"end":{"line":48,"column":5}},"type":"if","locations":[{"start":{"line":45,"column":4},"end":{"line":48,"column":5}},{"start":{"line":45,"column":4},"end":{"line":48,"column":5}}],"line":45}},"s":{"0":1,"1":1,"2":1,"3":0,"4":1,"5":0,"6":0,"7":0,"8":1,"9":0,"10":0,"11":0,"12":1,"13":0,"14":0,"15":0,"16":1,"17":0,"18":0,"19":0,"20":0,"21":0,"22":0,"23":0,"24":0,"25":0,"26":0,"27":0,"28":0},"f":{"0":0,"1":0,"2":0,"3":0,"4":0,"5":0,"6":0},"b":{"0":[0,0]},"_coverageSchema":"43e27e138ebf9cfc5966b082cf9a028302ed4184","hash":"1943d3b024d3b0f18e22879dea9e5791b70ef13d"}
,"/Users/jormamerivalssi/blogilista_esim/bloglist-frontend/src/services/login.js": {"path":"/Users/jormamerivalssi/blogilista_esim/bloglist-frontend/src/services/login.js","statementMap":{"0":{"start":{"line":2,"column":16},"end":{"line":2,"column":28}},"1":{"start":{"line":4,"column":14},"end":{"line":7,"column":1}},"2":{"start":{"line":5,"column":19},"end":{"line":5,"column":57}},"3":{"start":{"line":6,"column":2},"end":{"line":6,"column":22}}},"fnMap":{"0":{"name":"(anonymous_0)","decl":{"start":{"line":4,"column":14},"end":{"line":4,"column":15}},"loc":{"start":{"line":4,"column":35},"end":{"line":7,"column":1}},"line":4}},"branchMap":{},"s":{"0":0,"1":0,"2":0,"3":0},"f":{"0":0},"b":{},"hash":"0165feb4096ef6494516be77a8df668e09759cc9"}
}
