TN:
SF:/Users/jormamerivalssi/blogilista_esim/bloglist-frontend/src/App.js
FN:9,(anonymous_0)
FN:21,(anonymous_1)
FN:23,(anonymous_2)
FN:23,(anonymous_3)
FN:26,(anonymous_4)
FN:46,(anonymous_5)
FN:51,(anonymous_6)
FN:53,(anonymous_7)
FN:53,(anonymous_8)
FN:59,(anonymous_9)
FN:66,(anonymous_10)
FN:85,(anonymous_11)
FN:93,(anonymous_12)
FN:101,(anonymous_13)
FN:110,(anonymous_14)
FN:118,(anonymous_15)
FN:124,(anonymous_16)
FN:133,(anonymous_17)
FN:141,(anonymous_18)
FN:169,(anonymous_19)
FNF:20
FNH:0
FNDA:0,(anonymous_0)
FNDA:0,(anonymous_1)
FNDA:0,(anonymous_2)
FNDA:0,(anonymous_3)
FNDA:0,(anonymous_4)
FNDA:0,(anonymous_5)
FNDA:0,(anonymous_6)
FNDA:0,(anonymous_7)
FNDA:0,(anonymous_8)
FNDA:0,(anonymous_9)
FNDA:0,(anonymous_10)
FNDA:0,(anonymous_11)
FNDA:0,(anonymous_12)
FNDA:0,(anonymous_13)
FNDA:0,(anonymous_14)
FNDA:0,(anonymous_15)
FNDA:0,(anonymous_16)
FNDA:0,(anonymous_17)
FNDA:0,(anonymous_18)
FNDA:0,(anonymous_19)
DA:9,0
DA:10,0
DA:13,0
DA:15,0
DA:16,0
DA:17,0
DA:18,0
DA:21,0
DA:22,0
DA:23,0
DA:26,0
DA:27,0
DA:28,0
DA:29,0
DA:30,0
DA:31,0
DA:35,0
DA:46,0
DA:48,0
DA:53,0
DA:56,0
DA:59,0
DA:60,0
DA:63,0
DA:66,0
DA:67,0
DA:68,0
DA:70,0
DA:74,0
DA:78,0
DA:79,0
DA:80,0
DA:81,0
DA:82,0
DA:84,0
DA:85,0
DA:86,0
DA:93,0
DA:94,0
DA:101,0
DA:110,0
DA:118,0
DA:120,0
DA:125,0
DA:133,0
DA:134,0
DA:141,0
DA:145,0
DA:169,0
DA:170,0
DA:171,0
DA:173,0
DA:180,0
LF:53
LH:0
BRDA:28,0,0,0
BRDA:28,0,1,0
BRDA:170,1,0,0
BRDA:170,1,1,0
BRDA:188,2,0,0
BRDA:188,2,1,0
BRF:6
BRH:0
end_of_record
TN:
SF:/Users/jormamerivalssi/blogilista_esim/bloglist-frontend/src/index.js
FNF:0
FNH:0
DA:5,0
LF:1
LH:0
BRF:0
BRH:0
end_of_record
TN:
SF:/Users/jormamerivalssi/blogilista_esim/bloglist-frontend/src/components/Blog.js
FN:5,(anonymous_0)
FN:22,(anonymous_1)
FN:38,(anonymous_2)
FN:46,(anonymous_3)
FN:61,(anonymous_4)
FN:67,(anonymous_5)
FN:74,(anonymous_6)
FN:80,(anonymous_7)
FN:102,(anonymous_8)
FN:108,(anonymous_9)
FNF:10
FNH:0
FNDA:0,(anonymous_0)
FNDA:0,(anonymous_1)
FNDA:0,(anonymous_2)
FNDA:0,(anonymous_3)
FNDA:0,(anonymous_4)
FNDA:0,(anonymous_5)
FNDA:0,(anonymous_6)
FNDA:0,(anonymous_7)
FNDA:0,(anonymous_8)
FNDA:0,(anonymous_9)
DA:5,1
DA:7,0
DA:8,0
DA:9,0
DA:10,0
DA:14,0
DA:22,0
DA:24,0
DA:28,0
DA:39,0
DA:46,0
DA:49,0
DA:58,0
DA:62,0
DA:64,0
DA:67,0
DA:68,0
DA:74,0
DA:76,0
DA:77,0
DA:80,0
DA:81,0
DA:82,0
DA:84,0
DA:91,0
DA:93,0
DA:102,0
DA:108,0
DA:133,0
LF:29
LH:1
BRDA:24,0,0,0
BRDA:24,0,1,0
BRDA:81,1,0,0
BRDA:81,1,1,0
BRDA:91,2,0,0
BRDA:91,2,1,0
BRDA:99,3,0,0
BRDA:99,3,1,0
BRDA:117,4,0,0
BRDA:117,4,1,0
BRF:10
BRH:0
end_of_record
TN:
SF:/Users/jormamerivalssi/blogilista_esim/bloglist-frontend/src/components/blog_form.js
FN:3,(anonymous_0)
FN:10,(anonymous_1)
FN:15,(anonymous_2)
FN:20,(anonymous_3)
FN:25,(anonymous_4)
FNF:5
FNH:3
FNDA:3,(anonymous_0)
FNDA:0,(anonymous_1)
FNDA:1,(anonymous_2)
FNDA:0,(anonymous_3)
FNDA:1,(anonymous_4)
DA:3,1
DA:5,3
DA:6,3
DA:7,3
DA:10,3
DA:11,0
DA:15,3
DA:16,1
DA:20,3
DA:21,0
DA:25,3
DA:26,1
DA:27,1
DA:34,1
DA:35,1
DA:36,1
DA:40,3
LF:17
LH:15
BRF:0
BRH:0
end_of_record
TN:
SF:/Users/jormamerivalssi/blogilista_esim/bloglist-frontend/src/components/togglable.js
FN:4,(anonymous_0)
FN:10,(anonymous_1)
FN:14,(anonymous_2)
FNF:3
FNH:0
FNDA:0,(anonymous_0)
FNDA:0,(anonymous_1)
FNDA:0,(anonymous_2)
DA:4,0
DA:5,0
DA:7,0
DA:8,0
DA:10,0
DA:11,0
DA:14,0
DA:15,0
DA:21,0
DA:25,0
DA:38,0
LF:11
LH:0
BRDA:7,0,0,0
BRDA:7,0,1,0
BRDA:8,1,0,0
BRDA:8,1,1,0
BRF:4
BRH:0
end_of_record
TN:
SF:/Users/jormamerivalssi/blogilista_esim/bloglist-frontend/src/services/blogs.js
FN:6,(anonymous_0)
FN:10,(anonymous_1)
FN:12,(anonymous_2)
FN:15,(anonymous_3)
FN:22,(anonymous_4)
FN:33,(anonymous_5)
FN:39,(anonymous_6)
FNF:7
FNH:0
FNDA:0,(anonymous_0)
FNDA:0,(anonymous_1)
FNDA:0,(anonymous_2)
FNDA:0,(anonymous_3)
FNDA:0,(anonymous_4)
FNDA:0,(anonymous_5)
FNDA:0,(anonymous_6)
DA:2,1
DA:4,1
DA:6,1
DA:7,0
DA:10,1
DA:11,0
DA:12,0
DA:15,1
DA:17,0
DA:18,0
DA:19,0
DA:22,1
DA:23,0
DA:29,0
DA:30,0
DA:33,1
DA:34,0
DA:35,0
DA:38,0
DA:39,0
DA:42,0
DA:43,0
DA:44,0
DA:45,0
DA:46,0
DA:47,0
DA:49,0
LF:27
LH:7
BRDA:45,0,0,0
BRDA:45,0,1,0
BRF:2
BRH:0
end_of_record
TN:
SF:/Users/jormamerivalssi/blogilista_esim/bloglist-frontend/src/services/login.js
FN:4,(anonymous_0)
FNF:1
FNH:0
FNDA:0,(anonymous_0)
DA:2,0
DA:4,0
DA:5,0
DA:6,0
LF:4
LH:0
BRF:0
BRH:0
end_of_record
